<?xml version="1.0" encoding="utf-8"?><testsuites name="pytest tests"><testsuite name="pytest" errors="0" failures="0" skipped="0" tests="12" time="10.070" timestamp="2026-02-13T15:41:19.651067+03:00" hostname="MacBook-Air-Carina.local"><testcase classname="tests.api.test_posts" name="test_get_posts_status_code" time="1.291" /><testcase classname="tests.api.test_posts" name="test_get_posts_returns_list" time="0.707" /><testcase classname="tests.api.test_posts" name="test_get_posts_required_fields" time="1.235" /><testcase classname="tests.api.test_todos" name="test_get_todos_status_code" time="1.216" /><testcase classname="tests.api.test_todos" name="test_get_todos_returns_list" time="1.330" /><testcase classname="tests.api.test_todos" name="test_get_todos_required_fields" time="0.593" /><testcase classname="tests.api.test_user_posts" name="test_get_user_posts_status_code" time="0.633" /><testcase classname="tests.api.test_user_posts" name="test_get_user_posts_returns_list" time="0.614" /><testcase classname="tests.api.test_user_posts" name="test_get_user_posts_required_fields" time="0.613" /><testcase classname="tests.api.test_users" name="test_get_users_status_code" time="0.612" /><testcase classname="tests.api.test_users" name="test_get_users_returns_list" time="0.567" /><testcase classname="tests.api.test_users" name="test_get_users_required_fields" time="0.581" /></testsuite></testsuites>