<?xml version="1.0" encoding="utf-8"?><testsuites name="pytest tests"><testsuite name="pytest" errors="0" failures="0" skipped="0" tests="4" time="10.482" timestamp="2026-02-13T16:39:10.218284+03:00" hostname="MacBook-Air-Carina.local"><testcase classname="tests.api.test_endpoints" name="test_token_is_valid" time="1.325" /><testcase classname="tests.api.test_endpoints" name="test_endpoints_status_code" time="3.985" /><testcase classname="tests.api.test_endpoints" name="test_endpoints_return_json" time="2.559" /><testcase classname="tests.api.test_endpoints" name="test_endpoints_required_fields" time="2.545" /></testsuite></testsuites>