<?xml version="1.0" encoding="utf-8"?><testsuites name="pytest tests"><testsuite name="pytest" errors="0" failures="0" skipped="0" tests="3" time="6.846" timestamp="2026-02-13T19:50:26.122556+03:00" hostname="MacBook-Air-Carina.local"><testcase classname="tests.api.test_endpoints" name="test_token_present" time="0.000" /><testcase classname="tests.api.test_endpoints" name="test_endpoints_status_code" time="3.910" /><testcase classname="tests.api.test_endpoints" name="test_endpoints_return_json" time="2.901" /></testsuite></testsuites>